<?xml version="1.0" encoding="UTF-8"?>
<!-- Generated by org.testng.reporters.JUnitReportReporter -->
<testsuite skipped="0" hostname="DESKTOP-FV1AN96" name="com.NetBanking.testCases.TC_LoginTest_001" tests="1" failures="0" timestamp="05 Dec 2019 13:05:32 GMT" time="7.086" errors="0">
  <testcase name="login" time="7.086" classname="com.NetBanking.testCases.TC_LoginTest_001"/>
</testsuite> <!-- com.NetBanking.testCases.TC_LoginTest_001 -->
